#
# There is insufficient memory for the Java Runtime Environment to continue.
# Native memory allocation (mmap) failed to map 266338304 bytes for Failed to commit area from 0x0000000702200000 to 0x0000000712000000 of length 266338304.
# Possible reasons:
#   The system is out of physical RAM or swap space
#   The process is running with CompressedOops enabled, and the Java Heap may be blocking the growth of the native heap
# Possible solutions:
#   Reduce memory load on the system
#   Increase physical memory or swap space
#   Check if swap backing store is full
#   Decrease Java heap size (-Xmx/-Xms)
#   Decrease number of Java threads
#   Decrease Java thread stack sizes (-Xss)
#   Set larger code cache with -XX:ReservedCodeCacheSize=
# This output file may be truncated or incomplete.
#
#  Out of Memory Error (src/hotspot/os/windows/os_windows.cpp:3624), pid=21400, tid=21224
#
# JRE version:  (11.0.14.1+1) (build )
# Java VM: OpenJDK 64-Bit Server VM (11.0.14.1+1-b2043.45, mixed mode, sharing, tiered, compressed oops, g1 gc, windows-amd64)
# No core dump will be written. Minidumps are not enabled by default on client versions of Windows
#

---------------  S U M M A R Y ------------

Command Line: git4idea.http.GitAskPassApp Username for 'https://github.com': 

Host: Intel(R) Core(TM) i7-8700 CPU @ 3.20GHz, 12 cores, 15G,  Windows 10 , 64 bit Build 19041 (10.0.19041.1741)
Time: Mon Jul 11 14:39:13 2022 RTZ 4 (зима) elapsed time: 0.026807 seconds (0d 0h 0m 0s)

---------------  T H R E A D  ---------------

Current thread (0x000001d4d7e3f800):  JavaThread "Unknown thread" [_thread_in_vm, id=21224, stack(0x0000004a72c00000,0x0000004a72d00000)]

Stack: [0x0000004a72c00000,0x0000004a72d00000]
Native frames: (J=compiled Java code, j=interpreted, Vv=VM code, C=native code)
V  [jvm.dll+0x61618a]
V  [jvm.dll+0x79c450]
V  [jvm.dll+0x79da6d]
V  [jvm.dll+0x79e143]
V  [jvm.dll+0x24c968]
V  [jvm.dll+0x6131f4]
V  [jvm.dll+0x607ef5]
V  [jvm.dll+0x30b35b]
V  [jvm.dll+0x30b2ca]
V  [jvm.dll+0x30b1a2]
V  [jvm.dll+0x3100f6]
V  [jvm.dll+0x35b7e3]
V  [jvm.dll+0x35bee6]
V  [jvm.dll+0x35b8e3]
V  [jvm.dll+0x2e5b68]
V  [jvm.dll+0x2e6d17]
V  [jvm.dll+0x779087]
V  [jvm.dll+0x77a87c]
V  [jvm.dll+0x368d99]
V  [jvm.dll+0x75c9de]
V  [jvm.dll+0x3d6d53]
V  [jvm.dll+0x3d92f1]
C  [jli.dll+0x536b]
C  [ucrtbase.dll+0x21bb2]
C  [KERNEL32.DLL+0x17034]
C  [ntdll.dll+0x52651]


---------------  P R O C E S S  ---------------

Threads class SMR info:
_java_thread_list=0x000001d4d5bd3800, length=0, elements={
}

Java Threads: ( => current thread )

Other Threads:
  0x000001d4d7e58000 GCTaskThread "GC Thread#0" [stack: 0x0000004a72d00000,0x0000004a72e00000] [id=14312]
  0x000001d4d7eb8000 ConcurrentGCThread "G1 Main Marker" [stack: 0x0000004a72e00000,0x0000004a72f00000] [id=20236]
  0x000001d4d7eb9000 ConcurrentGCThread "G1 Conc#0" [stack: 0x0000004a72f00000,0x0000004a73000000] [id=3148]

[error occurred during error reporting (printing all threads), id 0xc0000005, EXCEPTION_ACCESS_VIOLATION (0xc0000005) at pc=0x00007fffa16e6177]

VM state:not at safepoint (not fully initialized)

VM Mutex/Monitor currently owned by a thread:  ([mutex/lock_event])
[0x000001d4d7e3b3c0] Heap_lock - owner thread: 0x000001d4d7e3f800

Heap address: 0x0000000702200000, size: 4062 MB, Compressed Oops mode: Non-zero based: 0x0000000702200000
Narrow klass base: 0x0000000000000000, Narrow klass shift: 0

GC Heap History (0 events):
No events

Deoptimization events (0 events):
No events

Classes redefined (0 events):
No events

Internal exceptions (0 events):
No events

Events (1 events):
Event: 0.010 Loaded shared library C:\Program Files\JetBrains\IntelliJ IDEA 2022.1.1\jbr\bin\zip.dll


Dynamic libraries:
0x00007ff750120000 - 0x00007ff75012a000 	C:\Program Files\JetBrains\IntelliJ IDEA 2022.1.1\jbr\bin\java.exe
0x00007fffecb50000 - 0x00007fffecd47000 	C:\WINDOWS\SYSTEM32\ntdll.dll
0x00007fffeabb0000 - 0x00007fffeac6d000 	C:\WINDOWS\System32\KERNEL32.DLL
0x00007fffea270000 - 0x00007fffea53d000 	C:\WINDOWS\System32\KERNELBASE.dll
0x00007fffea650000 - 0x00007fffea750000 	C:\WINDOWS\System32\ucrtbase.dll
0x00007fffc5750000 - 0x00007fffc5766000 	C:\Program Files\JetBrains\IntelliJ IDEA 2022.1.1\jbr\bin\VCRUNTIME140.dll
0x00007fffc5730000 - 0x00007fffc5749000 	C:\Program Files\JetBrains\IntelliJ IDEA 2022.1.1\jbr\bin\jli.dll
0x00007fffeb9c0000 - 0x00007fffebb60000 	C:\WINDOWS\System32\USER32.dll
0x00007fffea970000 - 0x00007fffea992000 	C:\WINDOWS\System32\win32u.dll
0x00007fffec390000 - 0x00007fffec3ba000 	C:\WINDOWS\System32\GDI32.dll
0x00007fffea860000 - 0x00007fffea96b000 	C:\WINDOWS\System32\gdi32full.dll
0x00007fffea5b0000 - 0x00007fffea64d000 	C:\WINDOWS\System32\msvcp_win.dll
0x00007fffd76b0000 - 0x00007fffd794a000 	C:\WINDOWS\WinSxS\amd64_microsoft.windows.common-controls_6595b64144ccf1df_6.0.19041.1110_none_60b5254171f9507e\COMCTL32.dll
0x00007fffeafb0000 - 0x00007fffeb04e000 	C:\WINDOWS\System32\msvcrt.dll
0x00007fffeb690000 - 0x00007fffeb6c0000 	C:\WINDOWS\System32\IMM32.DLL
0x00007fffa1fb0000 - 0x00007fffa205a000 	C:\Program Files\JetBrains\IntelliJ IDEA 2022.1.1\jbr\bin\msvcp140.dll
0x00007fffa13f0000 - 0x00007fffa1f6a000 	C:\Program Files\JetBrains\IntelliJ IDEA 2022.1.1\jbr\bin\server\jvm.dll
0x00007fffeb7e0000 - 0x00007fffeb88e000 	C:\WINDOWS\System32\ADVAPI32.dll
0x00007fffeb6c0000 - 0x00007fffeb75c000 	C:\WINDOWS\System32\sechost.dll
0x00007fffeb890000 - 0x00007fffeb9b5000 	C:\WINDOWS\System32\RPCRT4.dll
0x00007fffeafa0000 - 0x00007fffeafa8000 	C:\WINDOWS\System32\PSAPI.DLL
0x00007fffe5000000 - 0x00007fffe5009000 	C:\WINDOWS\SYSTEM32\WSOCK32.dll
0x00007fffeb550000 - 0x00007fffeb5bb000 	C:\WINDOWS\System32\WS2_32.dll
0x00007fffdff80000 - 0x00007fffdffa7000 	C:\WINDOWS\SYSTEM32\WINMM.dll
0x00007fffe54d0000 - 0x00007fffe54da000 	C:\WINDOWS\SYSTEM32\VERSION.dll
0x00007fffe8b20000 - 0x00007fffe8b32000 	C:\WINDOWS\SYSTEM32\kernel.appcore.dll
0x00007fffe5b60000 - 0x00007fffe5b71000 	C:\Program Files\JetBrains\IntelliJ IDEA 2022.1.1\jbr\bin\verify.dll
0x00007fffe7ff0000 - 0x00007fffe81d4000 	C:\WINDOWS\SYSTEM32\DBGHELP.DLL
0x00007fffde2f0000 - 0x00007fffde31c000 	C:\WINDOWS\SYSTEM32\dbgcore.DLL
0x00007fffea7d0000 - 0x00007fffea852000 	C:\WINDOWS\System32\bcryptPrimitives.dll
0x00007fffdfe10000 - 0x00007fffdfe39000 	C:\Program Files\JetBrains\IntelliJ IDEA 2022.1.1\jbr\bin\java.dll
0x00007fffe5b50000 - 0x00007fffe5b5b000 	C:\Program Files\JetBrains\IntelliJ IDEA 2022.1.1\jbr\bin\jimage.dll
0x00007fffe5a00000 - 0x00007fffe5a19000 	C:\Program Files\JetBrains\IntelliJ IDEA 2022.1.1\jbr\bin\zip.dll

dbghelp: loaded successfully - version: 4.0.5 - missing functions: none
symbol engine: initialized successfully - sym options: 0x614 - pdb path: .;C:\Program Files\JetBrains\IntelliJ IDEA 2022.1.1\jbr\bin;C:\WINDOWS\SYSTEM32;C:\WINDOWS\WinSxS\amd64_microsoft.windows.common-controls_6595b64144ccf1df_6.0.19041.1110_none_60b5254171f9507e;C:\Program Files\JetBrains\IntelliJ IDEA 2022.1.1\jbr\bin\server

VM Arguments:
java_command: git4idea.http.GitAskPassApp Username for 'https://github.com': 
java_class_path (initial): C:/Program Files/JetBrains/IntelliJ IDEA 2022.1.1/plugins/git4idea/lib/git4idea-rt.jar;C:/Program Files/JetBrains/IntelliJ IDEA 2022.1.1/lib/externalProcess-rt.jar;C:/Program Files/JetBrains/IntelliJ IDEA 2022.1.1/lib/app.jar;C:/Program Files/JetBrains/IntelliJ IDEA 2022.1.1/lib/3rd-party-rt.jar
Launcher Type: SUN_STANDARD

[Global flags]
     intx CICompilerCount                          = 4                                         {product} {ergonomic}
     uint ConcGCThreads                            = 3                                         {product} {ergonomic}
     uint G1ConcRefinementThreads                  = 10                                        {product} {ergonomic}
   size_t G1HeapRegionSize                         = 1048576                                   {product} {ergonomic}
    uintx GCDrainStackTargetSize                   = 64                                        {product} {ergonomic}
   size_t InitialHeapSize                          = 266338304                                 {product} {ergonomic}
   size_t MarkStackSize                            = 4194304                                   {product} {ergonomic}
   size_t MaxHeapSize                              = 4259315712                                {product} {ergonomic}
   size_t MinHeapDeltaBytes                        = 1048576                                   {product} {ergonomic}
    uintx NonNMethodCodeHeapSize                   = 5836300                                {pd product} {ergonomic}
    uintx NonProfiledCodeHeapSize                  = 122910970                              {pd product} {ergonomic}
    uintx ProfiledCodeHeapSize                     = 122910970                              {pd product} {ergonomic}
    uintx ReservedCodeCacheSize                    = 251658240                              {pd product} {ergonomic}
     bool SegmentedCodeCache                       = true                                      {product} {ergonomic}
     bool UseCompressedClassPointers               = true                                 {lp64_product} {ergonomic}
     bool UseCompressedOops                        = true                                 {lp64_product} {ergonomic}
     bool UseG1GC                                  = true                                      {product} {ergonomic}
     bool UseLargePagesIndividualAllocation        = false                                  {pd product} {ergonomic}

Logging:
Log output configuration:
 #0: stdout all=warning uptime,level,tags
 #1: stderr all=off uptime,level,tags

Environment Variables:
JAVA_HOME=C:\Program Files\Microsoft\jdk-17.0.3.7-hotspot
PATH=C:\Program Files\Git\mingw64\libexec\git-core;C:\Program Files\Git\mingw64\libexec\git-core;C:\Program Files\Git\mingw64\bin;C:\Program Files\Git\usr\bin;C:\Users\dimas\bin;C:\ProgramData\Oracle\Java\javapath;C:\Program Files\Microsoft\jdk-17.0.3.7-hotspot\bin;C:\Program Files\Common Files\Oracle\Java\javapath;C:\Program Files (x86)\Common Files\Oracle\Java\javapath;C:\SDL2\SDL2_image-2.0.5\lib\x64;C:\Program Files\NVIDIA Corporation\NVIDIA NvDLISR;C:\Program Files\dotnet;E:\lua-5.4.2;C:\Program Files\Git\cmd;C:\Program Files\Microsoft SQL Server\150\Tools\Binn;C:\Program Files\Cloudflare\Cloudflare WARP;C:\Program Files (x86)\dotnet;C:\Program Files\CMake\bin;C:\Program Files\Go\bin;C:\Program Files\WireGuard;C:\Program Files\Microsoft SQL Server\Client SDK\ODBC\170\Tools\Binn;C:\Program Files\Microsoft SQL Server\150\DTS\Binn;C:\Program Files\MySQL\MySQL Shell 8.0\bin;C:\Users\dimas\AppData\Local\Programs\Python\Python310\Scripts;C:\Users\dimas\AppData\Local\Programs\Python\Python310;C:\Users\dimas\AppData\Local\Microsoft\WindowsApps;C:\Users\dimas\.dotnet\tools;C:\Program Files\Azure Data Studio\bin;C:\Users\dimas\go\bin;C:\Program Files\Microsoft\jdk-17.0.3.7-hotspot\bin
USERNAME=User
DISPLAY=:0.0
LC_ALL=en_US.UTF-8
OS=Windows_NT
PROCESSOR_IDENTIFIER=Intel64 Family 6 Model 158 Stepping 10, GenuineIntel



---------------  S Y S T E M  ---------------

OS: Windows 10 , 64 bit Build 19041 (10.0.19041.1741)
OS uptime: 7 days 21:03 hours

CPU:total 12 (initial active 12) (6 cores per cpu, 2 threads per core) family 6 model 158 stepping 10 microcode 0xb4, cmov, cx8, fxsr, mmx, sse, sse2, sse3, ssse3, sse4.1, sse4.2, popcnt, avx, avx2, aes, clmul, erms, rtm, 3dnowpref, lzcnt, ht, tsc, tscinvbit, bmi1, bmi2, adx, fma

Memory: 4k page, system-wide physical 16245M (2137M free)
TotalPageFile size 24245M (AvailPageFile size 112M)
current process WorkingSet (physical memory assigned to process): 10M, peak: 10M
current process commit charge ("private bytes"): 64M, peak: 318M

vm_info: OpenJDK 64-Bit Server VM (11.0.14.1+1-b2043.45) for windows-amd64 JRE (11.0.14.1+1-b2043.45), built on Apr 25 2022 05:49:45 by "" with MS VC++ 14.0 (VS2015)

END.
